-------------------------------------------------------------------------------
Test set: com.fiverr.simple_rest_project.tests.ApiTests
-------------------------------------------------------------------------------
Tests run: 1, Failures: 1, Errors: 0, Skipped: 0, Time elapsed: 168.952 sec <<< FAILURE!
createPackageWorkFlowTests(com.fiverr.simple_rest_project.tests.ApiTests)  Time elapsed: 168.365 sec  <<< FAILURE!
java.lang.AssertionError: Something went wrong with the request expected [200] but found [401]
	at org.testng.Assert.fail(Assert.java:93)
	at org.testng.Assert.failNotEquals(Assert.java:512)
	at org.testng.Assert.assertEqualsImpl(Assert.java:134)
	at org.testng.Assert.assertEquals(Assert.java:115)
	at org.testng.Assert.assertEquals(Assert.java:388)
	at com.fiverr.simple_rest_project.tests.ApiTests.createPackageWorkFlowTests(ApiTests.java:37)
